
  .   ____          _            __ _ _
 /\\ / ___'_ __ _ _(_)_ __  __ _ \ \ \ \
( ( )\___ | '_ | '_| | '_ \/ _` | \ \ \ \
 \\/  ___)| |_)| | | | | || (_| |  ) ) ) )
  '  |____| .__|_| |_|_| |_\__, | / / / /
 =========|_|==============|___/=/_/_/_/

 :: Spring Boot ::                (v3.4.5)

2025-05-16T17:24:53.521+09:00  INFO 26804 --- [auth-service] [           main] c.g.authservice.AuthServiceApplication   : Starting AuthServiceApplication v0.0.1-SNAPSHOT using Java 17.0.15 with PID 26804 (/Users/master/Documents/project/GoormPlay/auth-service/build/libs/auth-service-0.0.1-SNAPSHOT.jar started by master in /Users/master/Documents/project/GoormPlay)
2025-05-16T17:24:53.523+09:00  INFO 26804 --- [auth-service] [           main] c.g.authservice.AuthServiceApplication   : No active profile set, falling back to 1 default profile: "default"
2025-05-16T17:24:53.979+09:00  INFO 26804 --- [auth-service] [           main] .s.d.r.c.RepositoryConfigurationDelegate : Multiple Spring Data modules found, entering strict repository configuration mode
2025-05-16T17:24:53.980+09:00  INFO 26804 --- [auth-service] [           main] .s.d.r.c.RepositoryConfigurationDelegate : Bootstrapping Spring Data JPA repositories in DEFAULT mode.
2025-05-16T17:24:53.995+09:00  INFO 26804 --- [auth-service] [           main] .RepositoryConfigurationExtensionSupport : Spring Data JPA - Could not safely identify store assignment for repository candidate interface com.goormplay.authservice.auth.redis.RefreshTokenRepository; If you want this repository to be a JPA repository, consider annotating your entities with one of these annotations: jakarta.persistence.Entity, jakarta.persistence.MappedSuperclass (preferred), or consider extending one of the following types with your repository: org.springframework.data.jpa.repository.JpaRepository
2025-05-16T17:24:54.055+09:00  INFO 26804 --- [auth-service] [           main] .s.d.r.c.RepositoryConfigurationDelegate : Finished Spring Data repository scanning in 71 ms. Found 1 JPA repository interface.
2025-05-16T17:24:54.063+09:00  INFO 26804 --- [auth-service] [           main] .s.d.r.c.RepositoryConfigurationDelegate : Multiple Spring Data modules found, entering strict repository configuration mode
2025-05-16T17:24:54.064+09:00  INFO 26804 --- [auth-service] [           main] .s.d.r.c.RepositoryConfigurationDelegate : Bootstrapping Spring Data Redis repositories in DEFAULT mode.
2025-05-16T17:24:54.073+09:00  INFO 26804 --- [auth-service] [           main] .RepositoryConfigurationExtensionSupport : Spring Data Redis - Could not safely identify store assignment for repository candidate interface com.goormplay.authservice.auth.repository.AuthRepository; If you want this repository to be a Redis repository, consider annotating your entities with one of these annotations: org.springframework.data.redis.core.RedisHash (preferred), or consider extending one of the following types with your repository: org.springframework.data.keyvalue.repository.KeyValueRepository
2025-05-16T17:24:54.074+09:00  INFO 26804 --- [auth-service] [           main] .s.d.r.c.RepositoryConfigurationDelegate : Finished Spring Data repository scanning in 3 ms. Found 1 Redis repository interface.
2025-05-16T17:24:54.215+09:00  INFO 26804 --- [auth-service] [           main] o.s.cloud.context.scope.GenericScope     : BeanFactory id=974c10b2-b855-3459-a30b-73a55304cb5d
2025-05-16T17:24:54.408+09:00  INFO 26804 --- [auth-service] [           main] o.s.b.w.embedded.tomcat.TomcatWebServer  : Tomcat initialized with port 9000 (http)
2025-05-16T17:24:54.415+09:00  INFO 26804 --- [auth-service] [           main] o.apache.catalina.core.StandardService   : Starting service [Tomcat]
2025-05-16T17:24:54.415+09:00  INFO 26804 --- [auth-service] [           main] o.apache.catalina.core.StandardEngine    : Starting Servlet engine: [Apache Tomcat/10.1.40]
2025-05-16T17:24:54.430+09:00  INFO 26804 --- [auth-service] [           main] o.a.c.c.C.[Tomcat].[localhost].[/]       : Initializing Spring embedded WebApplicationContext
2025-05-16T17:24:54.431+09:00  INFO 26804 --- [auth-service] [           main] w.s.c.ServletWebServerApplicationContext : Root WebApplicationContext: initialization completed in 883 ms
2025-05-16T17:24:54.508+09:00  INFO 26804 --- [auth-service] [           main] com.zaxxer.hikari.HikariDataSource       : HikariPool-1 - Starting...
2025-05-16T17:24:54.664+09:00  INFO 26804 --- [auth-service] [           main] com.zaxxer.hikari.pool.HikariPool        : HikariPool-1 - Added connection com.mysql.cj.jdbc.ConnectionImpl@2913ca3e
2025-05-16T17:24:54.665+09:00  INFO 26804 --- [auth-service] [           main] com.zaxxer.hikari.HikariDataSource       : HikariPool-1 - Start completed.
2025-05-16T17:24:54.684+09:00  INFO 26804 --- [auth-service] [           main] o.hibernate.jpa.internal.util.LogHelper  : HHH000204: Processing PersistenceUnitInfo [name: default]
2025-05-16T17:24:54.715+09:00  INFO 26804 --- [auth-service] [           main] org.hibernate.Version                    : HHH000412: Hibernate ORM core version 6.6.13.Final
2025-05-16T17:24:54.730+09:00  INFO 26804 --- [auth-service] [           main] o.h.c.internal.RegionFactoryInitiator    : HHH000026: Second-level cache disabled
2025-05-16T17:24:54.891+09:00  INFO 26804 --- [auth-service] [           main] o.s.o.j.p.SpringPersistenceUnitInfo      : No LoadTimeWeaver setup: ignoring JPA class transformer
2025-05-16T17:24:54.932+09:00  WARN 26804 --- [auth-service] [           main] org.hibernate.orm.deprecation            : HHH90000025: MySQLDialect does not need to be specified explicitly using 'hibernate.dialect' (remove the property setting and it will be selected by default)
2025-05-16T17:24:54.938+09:00  INFO 26804 --- [auth-service] [           main] org.hibernate.orm.connections.pooling    : HHH10001005: Database info:
	Database JDBC URL [Connecting through datasource 'HikariDataSource (HikariPool-1)']
	Database driver: undefined/unknown
	Database version: 9.3
	Autocommit mode: undefined/unknown
	Isolation level: undefined/unknown
	Minimum pool size: undefined/unknown
	Maximum pool size: undefined/unknown
2025-05-16T17:24:55.290+09:00  INFO 26804 --- [auth-service] [           main] o.h.e.t.j.p.i.JtaPlatformInitiator       : HHH000489: No JTA platform available (set 'hibernate.transaction.jta.platform' to enable JTA platform integration)
2025-05-16T17:24:55.291+09:00  INFO 26804 --- [auth-service] [           main] j.LocalContainerEntityManagerFactoryBean : Initialized JPA EntityManagerFactory for persistence unit 'default'
2025-05-16T17:24:55.670+09:00  WARN 26804 --- [auth-service] [           main] JpaBaseConfiguration$JpaWebConfiguration : spring.jpa.open-in-view is enabled by default. Therefore, database queries may be performed during view rendering. Explicitly configure spring.jpa.open-in-view to disable this warning
2025-05-16T17:24:55.681+09:00  INFO 26804 --- [auth-service] [           main] o.s.c.openfeign.FeignClientFactoryBean   : For 'member-service' URL not provided. Will try picking an instance via load-balancing.
2025-05-16T17:24:55.732+09:00  WARN 26804 --- [auth-service] [           main] .s.s.UserDetailsServiceAutoConfiguration : 

Using generated security password: cda0790e-09ee-4c3c-8f0b-24b43509f337

This generated password is for development use only. Your security configuration must be updated before running your application in production.

2025-05-16T17:24:55.735+09:00  INFO 26804 --- [auth-service] [           main] r$InitializeUserDetailsManagerConfigurer : Global AuthenticationManager configured with UserDetailsService bean with name inMemoryUserDetailsManager
2025-05-16T17:24:55.994+09:00  INFO 26804 --- [auth-service] [           main] DiscoveryClientOptionalArgsConfiguration : Eureka HTTP Client uses RestTemplate.
2025-05-16T17:24:56.007+09:00  WARN 26804 --- [auth-service] [           main] iguration$LoadBalancerCaffeineWarnLogger : Spring Cloud LoadBalancer is currently working with the default cache. While this cache implementation is useful for development and tests, it's recommended to use Caffeine cache in production.You can switch to using Caffeine cache, by adding it and org.springframework.cache.caffeine.CaffeineCacheManager to the classpath.
2025-05-16T17:24:56.022+09:00  INFO 26804 --- [auth-service] [           main] o.s.c.n.eureka.InstanceInfoFactory       : Setting initial instance status as: STARTING
2025-05-16T17:24:56.033+09:00  INFO 26804 --- [auth-service] [           main] com.netflix.discovery.DiscoveryClient    : Initializing Eureka in region us-east-1
2025-05-16T17:24:56.035+09:00  INFO 26804 --- [auth-service] [           main] c.n.d.s.r.aws.ConfigClusterResolver      : Resolving eureka endpoints via configuration
2025-05-16T17:24:56.038+09:00  INFO 26804 --- [auth-service] [           main] com.netflix.discovery.DiscoveryClient    : Disable delta property : false
2025-05-16T17:24:56.038+09:00  INFO 26804 --- [auth-service] [           main] com.netflix.discovery.DiscoveryClient    : Single vip registry refresh property : null
2025-05-16T17:24:56.038+09:00  INFO 26804 --- [auth-service] [           main] com.netflix.discovery.DiscoveryClient    : Force full registry fetch : false
2025-05-16T17:24:56.038+09:00  INFO 26804 --- [auth-service] [           main] com.netflix.discovery.DiscoveryClient    : Application is null : false
2025-05-16T17:24:56.038+09:00  INFO 26804 --- [auth-service] [           main] com.netflix.discovery.DiscoveryClient    : Registered Applications size is zero : true
2025-05-16T17:24:56.038+09:00  INFO 26804 --- [auth-service] [           main] com.netflix.discovery.DiscoveryClient    : Application version is -1: true
2025-05-16T17:24:56.038+09:00  INFO 26804 --- [auth-service] [           main] com.netflix.discovery.DiscoveryClient    : Getting all instance registry info from the eureka server
2025-05-16T17:24:56.268+09:00  INFO 26804 --- [auth-service] [           main] com.netflix.discovery.DiscoveryClient    : The response status is 200
2025-05-16T17:24:56.269+09:00  INFO 26804 --- [auth-service] [           main] com.netflix.discovery.DiscoveryClient    : Starting heartbeat executor: renew interval is: 30
2025-05-16T17:24:56.269+09:00  INFO 26804 --- [auth-service] [           main] c.n.discovery.InstanceInfoReplicator     : InstanceInfoReplicator onDemand update allowed rate per min is 4
2025-05-16T17:24:56.270+09:00  INFO 26804 --- [auth-service] [           main] com.netflix.discovery.DiscoveryClient    : Discovery Client initialized at timestamp 1747383896270 with initial instances count: 0
2025-05-16T17:24:56.271+09:00  INFO 26804 --- [auth-service] [           main] o.s.c.n.e.s.EurekaServiceRegistry        : Registering application AUTH-SERVICE with eureka with status UP
2025-05-16T17:24:56.271+09:00  INFO 26804 --- [auth-service] [           main] com.netflix.discovery.DiscoveryClient    : Saw local status change event StatusChangeEvent [timestamp=1747383896271, current=UP, previous=STARTING]
2025-05-16T17:24:56.272+09:00  INFO 26804 --- [auth-service] [foReplicator-%d] com.netflix.discovery.DiscoveryClient    : DiscoveryClient_AUTH-SERVICE/172.16.24.93:auth-service:9000: registering service...
2025-05-16T17:24:56.279+09:00  INFO 26804 --- [auth-service] [           main] o.s.b.w.embedded.tomcat.TomcatWebServer  : Tomcat started on port 9000 (http) with context path '/'
2025-05-16T17:24:56.280+09:00  INFO 26804 --- [auth-service] [           main] .s.c.n.e.s.EurekaAutoServiceRegistration : Updating port to 9000
2025-05-16T17:24:56.293+09:00  INFO 26804 --- [auth-service] [           main] c.g.authservice.AuthServiceApplication   : Started AuthServiceApplication in 3.083 seconds (process running for 3.492)
2025-05-16T17:24:56.354+09:00  INFO 26804 --- [auth-service] [foReplicator-%d] com.netflix.discovery.DiscoveryClient    : DiscoveryClient_AUTH-SERVICE/172.16.24.93:auth-service:9000 - registration status: 204
2025-05-16T17:25:26.274+09:00  INFO 26804 --- [auth-service] [reshExecutor-%d] com.netflix.discovery.DiscoveryClient    : Disable delta property : false
2025-05-16T17:25:26.276+09:00  INFO 26804 --- [auth-service] [reshExecutor-%d] com.netflix.discovery.DiscoveryClient    : Single vip registry refresh property : null
2025-05-16T17:25:26.276+09:00  INFO 26804 --- [auth-service] [reshExecutor-%d] com.netflix.discovery.DiscoveryClient    : Force full registry fetch : false
2025-05-16T17:25:26.276+09:00  INFO 26804 --- [auth-service] [reshExecutor-%d] com.netflix.discovery.DiscoveryClient    : Application is null : false
2025-05-16T17:25:26.276+09:00  INFO 26804 --- [auth-service] [reshExecutor-%d] com.netflix.discovery.DiscoveryClient    : Registered Applications size is zero : true
2025-05-16T17:25:26.276+09:00  INFO 26804 --- [auth-service] [reshExecutor-%d] com.netflix.discovery.DiscoveryClient    : Application version is -1: false
2025-05-16T17:25:26.276+09:00  INFO 26804 --- [auth-service] [reshExecutor-%d] com.netflix.discovery.DiscoveryClient    : Getting all instance registry info from the eureka server
2025-05-16T17:25:26.375+09:00  INFO 26804 --- [auth-service] [reshExecutor-%d] com.netflix.discovery.DiscoveryClient    : The response status is 200
2025-05-16T17:29:56.040+09:00  INFO 26804 --- [auth-service] [rap-executor-%d] c.n.d.s.r.aws.ConfigClusterResolver      : Resolving eureka endpoints via configuration
